<?xml version="1.0" encoding="UTF-8"?>
<!-- Generated by org.testng.reporters.JUnitReportReporter -->
<testsuite hostname="NDI-LAP-669" failures="0" tests="1" name="LoginTest" time="37.372" errors="0" timestamp="2021-06-28T02:52:22 EDT" skipped="0">
  <testcase classname="LoginTest" name="dologin" time="37.372"/>
  <system-out/>
</testsuite> <!-- LoginTest -->
