<?xml version="1.0" encoding="UTF-8"?>
<!-- Generated by org.testng.reporters.JUnitReportReporter -->
<testsuite hostname="NDI-LAP-669" failures="0" tests="2" name="zoho.runner.MyRunner" time="0.485" errors="0" timestamp="2021-07-01T04:00:29 EDT" skipped="0">
  <testcase classname="zoho.runner.MyRunner" name="runScenario" time="0.468"/>
  <system-out/>
  <testcase classname="zoho.runner.MyRunner" name="runScenario" time="0.017"/>
  <system-out/>
</testsuite> <!-- zoho.runner.MyRunner -->
